mode: set
github.com/yeldisbayev/thrid-group/library/internal/usecase/interactor/book_interactor.go:13.74,14.21 1 1
github.com/yeldisbayev/thrid-group/library/internal/usecase/interactor/book_interactor.go:18.2,20.3 1 1
github.com/yeldisbayev/thrid-group/library/internal/usecase/interactor/book_interactor.go:14.21,15.38 1 1
github.com/yeldisbayev/thrid-group/library/internal/usecase/interactor/book_interactor.go:26.25,30.16 2 1
github.com/yeldisbayev/thrid-group/library/internal/usecase/interactor/book_interactor.go:34.2,34.25 1 1
github.com/yeldisbayev/thrid-group/library/internal/usecase/interactor/book_interactor.go:30.16,32.3 1 1
github.com/yeldisbayev/thrid-group/library/internal/usecase/interactor/book_interactor.go:40.25,43.16 2 0
github.com/yeldisbayev/thrid-group/library/internal/usecase/interactor/book_interactor.go:47.2,47.18 1 0
github.com/yeldisbayev/thrid-group/library/internal/usecase/interactor/book_interactor.go:43.16,45.3 1 0
github.com/yeldisbayev/thrid-group/library/internal/usecase/interactor/book_interactor.go:51.58,53.2 1 0
